<?xml version="1.0" encoding="UTF-8"?>
<!-- Generated by org.testng.reporters.JUnitReportReporter -->
<testsuite hostname="LAPTOP-V8Q69O7J" failures="0" tests="7" name="com.Parameters_pass.ActiTime_LoginDashBoard_Parameter" time="0.318" errors="0" timestamp="2023-01-12T12:31:21 IST" skipped="0">
  <testcase classname="com.Parameters_pass.ActiTime_LoginDashBoard_Parameter" name="LoginBTN" time="0.057"/>
  <system-out/>
  <testcase classname="com.Parameters_pass.ActiTime_LoginDashBoard_Parameter" name="Logo" time="0.033"/>
  <system-out/>
  <testcase classname="com.Parameters_pass.ActiTime_LoginDashBoard_Parameter" name="TitleText" time="0.028"/>
  <system-out/>
  <testcase classname="com.Parameters_pass.ActiTime_LoginDashBoard_Parameter" name="getTitel" time="0.009"/>
  <system-out/>
  <testcase classname="com.Parameters_pass.ActiTime_LoginDashBoard_Parameter" name="ChecBox" time="0.025"/>
  <system-out/>
  <testcase classname="com.Parameters_pass.ActiTime_LoginDashBoard_Parameter" name="Username_Password" time="0.112"/>
  <system-out/>
  <testcase classname="com.Parameters_pass.ActiTime_LoginDashBoard_Parameter" name="LoginClick" time="0.054"/>
  <system-out/>
</testsuite> <!-- com.Parameters_pass.ActiTime_LoginDashBoard_Parameter -->
