<?xml version="1.0" encoding="UTF-8"?>
<!-- Generated by org.testng.reporters.JUnitReportReporter -->
<testsuite hostname="LAPTOP-V8Q69O7J" failures="0" tests="2" name="org.TestNg_Scenario.Scrach_Project" time="3.130" errors="0" timestamp="2023-01-04T13:24:09 IST" skipped="0">
  <testcase classname="org.TestNg_Scenario.Scrach_Project" name="ActiTimeLogin" time="1.785"/>
  <system-out/>
  <testcase classname="org.TestNg_Scenario.Scrach_Project" name="AT_Login_Page" time="1.345"/>
  <system-out/>
</testsuite> <!-- org.TestNg_Scenario.Scrach_Project -->
