<?xml version="1.0" encoding="UTF-8"?>
<!-- Generated by org.testng.reporters.JUnitReportReporter -->
<testsuite hostname="LAPTOP-V8Q69O7J" failures="0" tests="8" name="com.Grouping.Functionality" time="0.032" errors="0" timestamp="2023-01-05T11:08:16 IST" skipped="0">
  <testcase classname="com.Grouping.Functionality" name="SetUp" time="0.018"/>
  <system-out/>
  <testcase classname="com.Grouping.Functionality" name="Login" time="0.002"/>
  <system-out/>
  <testcase classname="com.Grouping.Functionality" name="SearchBar" time="0.001"/>
  <system-out/>
  <testcase classname="com.Grouping.Functionality" name="SearchProduct" time="0.002"/>
  <system-out/>
  <testcase classname="com.Grouping.Functionality" name="GetProductDetails" time="0.003"/>
  <system-out/>
  <testcase classname="com.Grouping.Functionality" name="AddToCard" time="0.001"/>
  <system-out/>
  <testcase classname="com.Grouping.Functionality" name="Payment" time="0.002"/>
  <system-out/>
  <testcase classname="com.Grouping.Functionality" name="Logout" time="0.003"/>
  <system-out/>
</testsuite> <!-- com.Grouping.Functionality -->
