<?xml version="1.0" encoding="UTF-8"?>
<!-- Generated by org.testng.reporters.JUnitReportReporter -->
<testsuite hostname="LAPTOP-V8Q69O7J" failures="0" tests="2" name="com.testng_TC.TC_2" time="0.015" errors="0" timestamp="2023-01-05T10:36:22 IST" skipped="1">
  <testcase classname="com.testng_TC.TC_2" name="TestsCase3" time="0.015"/>
  <system-out/>
  <testcase classname="com.testng_TC.TC_2" name="TestsCase4">
    <skipped/>
  </testcase> <!-- TestsCase4 -->
  <system-out/>
</testsuite> <!-- com.testng_TC.TC_2 -->
