<?xml version="1.0" encoding="UTF-8"?>
<!-- Generated by org.testng.reporters.JUnitReportReporter -->
<testsuite hostname="LAPTOP-V8Q69O7J" failures="0" tests="4" name="org.TestNG.Simple_ANNOTATION_TestNG" time="0.022" errors="0" timestamp="2023-01-03T09:36:13 IST" skipped="0">
  <testcase classname="org.TestNG.Simple_ANNOTATION_TestNG" name="Test1" time="0.016"/>
  <system-out/>
  <testcase classname="org.TestNG.Simple_ANNOTATION_TestNG" name="Test4" time="0.002"/>
  <system-out/>
  <testcase classname="org.TestNG.Simple_ANNOTATION_TestNG" name="Test2" time="0.002"/>
  <system-out/>
  <testcase classname="org.TestNG.Simple_ANNOTATION_TestNG" name="Test3" time="0.002"/>
  <system-out/>
</testsuite> <!-- org.TestNG.Simple_ANNOTATION_TestNG -->
