<?xml version="1.0" encoding="UTF-8"?>
<!-- Generated by org.testng.reporters.JUnitReportReporter -->
<testsuite hostname="LAPTOP-V8Q69O7J" failures="0" tests="1" name="org.Lunch_Url.ActiTime_Launch_Url" time="5.632" errors="0" timestamp="2023-01-03T12:23:17 IST" skipped="0">
  <testcase classname="org.Lunch_Url.ActiTime_Launch_Url" name="LoginAction" time="5.632"/>
  <system-out/>
</testsuite> <!-- org.Lunch_Url.ActiTime_Launch_Url -->
