<?xml version="1.0" encoding="UTF-8"?>
<!-- Generated by org.testng.reporters.JUnitReportReporter -->
<testsuite hostname="LAPTOP-V8Q69O7J" failures="0" tests="5" name="org.TestNG.TestNG_RealTime_sample_Page" time="0.007" errors="0" timestamp="2023-01-03T09:36:13 IST" skipped="0">
  <testcase classname="org.TestNG.TestNG_RealTime_sample_Page" name="GetUrl" time="0.002"/>
  <system-out/>
  <testcase classname="org.TestNG.TestNG_RealTime_sample_Page" name="CheckLoginData" time="0.001"/>
  <system-out/>
  <testcase classname="org.TestNG.TestNG_RealTime_sample_Page" name="UplaodLoginData" time="0.001"/>
  <system-out/>
  <testcase classname="org.TestNG.TestNG_RealTime_sample_Page" name="ClickOnLogin" time="0.002"/>
  <system-out/>
  <testcase classname="org.TestNG.TestNG_RealTime_sample_Page" name="ForgotPassword" time="0.001"/>
  <system-out/>
</testsuite> <!-- org.TestNG.TestNG_RealTime_sample_Page -->
