<?xml version="1.0" encoding="UTF-8"?>
<!-- Generated by org.testng.reporters.JUnitReportReporter -->
<testsuite hostname="LAPTOP-V8Q69O7J" failures="0" tests="3" name="com.POM_ACTITIME.ACTITIME_LOGIN" time="15.447" errors="0" timestamp="2023-01-16T20:24:31 IST" skipped="0">
  <testcase classname="com.POM_ACTITIME.ACTITIME_LOGIN" name="VerifyLoginPageField" time="3.987"/>
  <system-out>
    <![CDATA[ LOGIN PAGE FUNCTIONALITY VERIFICATION SUCCESS ]]>
  </system-out>
  <testcase classname="com.POM_ACTITIME.ACTITIME_LOGIN" name="ValidateLoginPageField" time="7.761"/>
  <system-out>
    <![CDATA[ LOGIN PAGE FUNCTIONALITY VALIDATION SUCCESS ]]>
  </system-out>
  <testcase classname="com.POM_ACTITIME.ACTITIME_LOGIN" name="VerifyDahboardField" time="3.699"/>
  <system-out>
    <![CDATA[ DASHBOARD PAGE FUNCTIONALITY VERIFICATION SUCCESS ]]>
  </system-out>
</testsuite> <!-- com.POM_ACTITIME.ACTITIME_LOGIN -->
