<?xml version="1.0" encoding="UTF-8"?>
<!-- Generated by org.testng.reporters.JUnitReportReporter -->
<testsuite hostname="LAPTOP-V8Q69O7J" failures="0" tests="3" name="com.testng_FrameWork.Second_testCase" time="0.011" errors="0" timestamp="2023-01-05T10:30:25 IST" skipped="0">
  <testcase classname="com.testng_FrameWork.Second_testCase" name="SearchBar" time="0.009"/>
  <system-out/>
  <testcase classname="com.testng_FrameWork.Second_testCase" name="SearchProduct" time="0.001"/>
  <system-out/>
  <testcase classname="com.testng_FrameWork.Second_testCase" name="GetProductDetails" time="0.001"/>
  <system-out/>
</testsuite> <!-- com.testng_FrameWork.Second_testCase -->
