<?xml version="1.0" encoding="UTF-8"?>
<!-- Generated by org.testng.reporters.JUnitReportReporter -->
<testsuite hostname="LAPTOP-V8Q69O7J" failures="0" tests="2" name="org.TestNG.Sample_Test_Cases" time="0.007" errors="0" timestamp="2023-01-03T09:43:57 IST" skipped="0">
  <testcase classname="org.TestNG.Sample_Test_Cases" name="Test1" time="0.006"/>
  <system-out/>
  <testcase classname="org.TestNG.Sample_Test_Cases" name="Test2" time="0.001"/>
  <system-out/>
</testsuite> <!-- org.TestNG.Sample_Test_Cases -->
