<?xml version="1.0" encoding="UTF-8"?>
<!-- Generated by org.testng.reporters.JUnitReportReporter -->
<testsuite hostname="LAPTOP-V8Q69O7J" failures="0" tests="1" name="com.SoftAssert_Handle.Ex_SoftAssert" time="0.033" errors="0" timestamp="2023-01-07T11:10:43 IST" skipped="0">
  <testcase classname="com.SoftAssert_Handle.Ex_SoftAssert" name="Test" time="0.033"/>
  <system-out/>
</testsuite> <!-- com.SoftAssert_Handle.Ex_SoftAssert -->
