<?xml version="1.0" encoding="UTF-8"?>
<!-- Generated by org.testng.reporters.JUnitReportReporter -->
<testsuite hostname="LAPTOP-V8Q69O7J" failures="0" tests="6" name="com.testng_Dependency_AlwaysRun_Method.Ex_1" time="0.028" errors="0" timestamp="2023-01-05T10:47:09 IST" skipped="1">
  <testcase classname="com.testng_Dependency_AlwaysRun_Method.Ex_1" name="SearchProduct" time="0.002"/>
  <system-out/>
  <testcase classname="com.testng_Dependency_AlwaysRun_Method.Ex_1" name="Logout" time="0.018"/>
  <system-out/>
  <testcase classname="com.testng_Dependency_AlwaysRun_Method.Ex_1" name="SearchBar" time="0.002"/>
  <system-out/>
  <testcase classname="com.testng_Dependency_AlwaysRun_Method.Ex_1" name="Login" time="0.003"/>
  <system-out/>
  <testcase classname="com.testng_Dependency_AlwaysRun_Method.Ex_1" name="Setup" time="0.003"/>
  <system-out/>
  <testcase classname="com.testng_Dependency_AlwaysRun_Method.Ex_1" name="GetProductDetails">
    <skipped/>
  </testcase> <!-- GetProductDetails -->
  <system-out/>
</testsuite> <!-- com.testng_Dependency_AlwaysRun_Method.Ex_1 -->
