<?xml version="1.0" encoding="UTF-8"?>
<!-- Generated by org.testng.reporters.JUnitReportReporter -->
<testsuite hostname="LAPTOP-V8Q69O7J" failures="0" tests="8" name="com.DataproviderClass.Acti_Time_Login_Page" time="9.694" errors="0" timestamp="2023-01-06T10:53:54 IST" skipped="0">
  <testcase classname="com.DataproviderClass.Acti_Time_Login_Page" name="VerifyLogo" time="1.141"/>
  <system-out/>
  <testcase classname="com.DataproviderClass.Acti_Time_Login_Page" name="VerifyLogoText" time="1.113"/>
  <system-out/>
  <testcase classname="com.DataproviderClass.Acti_Time_Login_Page" name="VerifyLoginBtn" time="1.082"/>
  <system-out/>
  <testcase classname="com.DataproviderClass.Acti_Time_Login_Page" name="VerifyCheckBox" time="1.044"/>
  <system-out/>
  <testcase classname="com.DataproviderClass.Acti_Time_Login_Page" name="VerifyLoginUrl" time="1.029"/>
  <system-out/>
  <testcase classname="com.DataproviderClass.Acti_Time_Login_Page" name="VerifyLoginText" time="1.012"/>
  <system-out/>
  <testcase classname="com.DataproviderClass.Acti_Time_Login_Page" name="LoginCredential" time="1.292"/>
  <system-out/>
  <testcase classname="com.DataproviderClass.Acti_Time_Login_Page" name="LogOut" time="1.981"/>
  <system-out/>
</testsuite> <!-- com.DataproviderClass.Acti_Time_Login_Page -->
