<?xml version="1.0" encoding="UTF-8"?>
<!-- Generated by org.testng.reporters.JUnitReportReporter -->
<testsuite hostname="LAPTOP-V8Q69O7J" failures="0" tests="5" name="com.Assertion_call_method.Ex_1" time="0.164" errors="0" timestamp="2023-01-05T13:07:48 IST" skipped="0">
  <testcase classname="com.Assertion_call_method.Ex_1" name="LoginBTN" time="0.065"/>
  <system-out/>
  <testcase classname="com.Assertion_call_method.Ex_1" name="Logo" time="0.037"/>
  <system-out/>
  <testcase classname="com.Assertion_call_method.Ex_1" name="TitleText" time="0.032"/>
  <system-out/>
  <testcase classname="com.Assertion_call_method.Ex_1" name="getTitel" time="0.007"/>
  <system-out/>
  <testcase classname="com.Assertion_call_method.Ex_1" name="ChecBox" time="0.023"/>
  <system-out/>
</testsuite> <!-- com.Assertion_call_method.Ex_1 -->
