<?xml version="1.0" encoding="UTF-8"?>
<!-- Generated by org.testng.reporters.JUnitReportReporter -->
<testsuite hostname="LAPTOP-V8Q69O7J" failures="0" tests="5" name="com.Parameters_pass.ActiTime_LoginPage_Parameter" time="0.141" errors="0" timestamp="2023-01-05T13:56:35 IST" skipped="0">
  <testcase classname="com.Parameters_pass.ActiTime_LoginPage_Parameter" name="LoginBTN" time="0.054"/>
  <system-out/>
  <testcase classname="com.Parameters_pass.ActiTime_LoginPage_Parameter" name="Logo" time="0.032"/>
  <system-out/>
  <testcase classname="com.Parameters_pass.ActiTime_LoginPage_Parameter" name="TitleText" time="0.027"/>
  <system-out/>
  <testcase classname="com.Parameters_pass.ActiTime_LoginPage_Parameter" name="getTitel" time="0.007"/>
  <system-out/>
  <testcase classname="com.Parameters_pass.ActiTime_LoginPage_Parameter" name="ChecBox" time="0.021"/>
  <system-out/>
</testsuite> <!-- com.Parameters_pass.ActiTime_LoginPage_Parameter -->
