<?xml version="1.0" encoding="UTF-8"?>
<!-- Generated by org.testng.reporters.JUnitReportReporter -->
<testsuite hostname="LAPTOP-V8Q69O7J" failures="0" tests="5" name="com.Assertion_call_method.ActiTime_LoginPage_test" time="0.135" errors="0" timestamp="2023-01-05T13:09:45 IST" skipped="0">
  <testcase classname="com.Assertion_call_method.ActiTime_LoginPage_test" name="LoginBTN" time="0.048"/>
  <system-out/>
  <testcase classname="com.Assertion_call_method.ActiTime_LoginPage_test" name="Logo" time="0.033"/>
  <system-out/>
  <testcase classname="com.Assertion_call_method.ActiTime_LoginPage_test" name="TitleText" time="0.025"/>
  <system-out/>
  <testcase classname="com.Assertion_call_method.ActiTime_LoginPage_test" name="getTitel" time="0.007"/>
  <system-out/>
  <testcase classname="com.Assertion_call_method.ActiTime_LoginPage_test" name="ChecBox" time="0.022"/>
  <system-out/>
</testsuite> <!-- com.Assertion_call_method.ActiTime_LoginPage_test -->
