<?xml version="1.0" encoding="UTF-8"?>
<!-- Generated by org.testng.reporters.JUnitReportReporter -->
<testsuite hostname="LAPTOP-V8Q69O7J" failures="0" tests="2" name="com.testng_TC.TC_1" time="0.014" errors="0" timestamp="2023-01-05T10:36:52 IST" skipped="1">
  <testcase classname="com.testng_TC.TC_1" name="TestsCase1" time="0.014"/>
  <system-out/>
  <testcase classname="com.testng_TC.TC_1" name="TestsCase2">
    <skipped/>
  </testcase> <!-- TestsCase2 -->
  <system-out/>
</testsuite> <!-- com.testng_TC.TC_1 -->
